Created by PLY version 3.11 (http://www.dabeaz.com/ply)

Unused terminals:

    FOR

Grammar

Rule 0     S' -> html
Rule 1     html -> linhas
Rule 2     html -> <empty>
Rule 3     linhas -> linhas NEWLINE linha_normal
Rule 4     linhas -> linha_normal
Rule 5     linhas -> linhas NEWLINE linha_codigo
Rule 6     linhas -> linha_codigo
Rule 7     linhas -> linhas NEWLINE linha_var
Rule 8     linhas -> linha_var
Rule 9     linhas -> linhas NEWLINE linha_textplain
Rule 10    linha_var -> IDENTACAO VAR TEXTO EQUAL TEXTO
Rule 11    linha_var -> VAR TEXTO EQUAL TEXTO
Rule 12    linha_codigo -> IDENTACAO IF TEXTO
Rule 13    linha_codigo -> IF TEXTO
Rule 14    linha_codigo -> IDENTACAO ELSE
Rule 15    linha_codigo -> ELSE
Rule 16    linha_normal -> IDENTACAO corpo COMA
Rule 17    linha_normal -> IDENTACAO corpo
Rule 18    linha_normal -> corpo
Rule 19    linha_textplain -> IDENTACAO TEXTPLAIN
Rule 20    corpo -> tag
Rule 21    corpo -> tag SPACE TEXTO
Rule 22    corpo -> tag EQUAL SPACE TEXTO
Rule 23    tag -> TAG
Rule 24    tag -> CLASS
Rule 25    tag -> ID
Rule 26    tag -> TAG tag
Rule 27    tag -> CLASS tag
Rule 28    tag -> ID tag
Rule 29    tag -> tag LPAREN atributos RPAREN
Rule 30    atributos -> ATRIBUT
Rule 31    atributos -> ATRIBUT atributos

Terminals, with rules where they appear

ATRIBUT              : 30 31
CLASS                : 24 27
COMA                 : 16
ELSE                 : 14 15
EQUAL                : 10 11 22
FOR                  : 
ID                   : 25 28
IDENTACAO            : 10 12 14 16 17 19
IF                   : 12 13
LPAREN               : 29
NEWLINE              : 3 5 7 9
RPAREN               : 29
SPACE                : 21 22
TAG                  : 23 26
TEXTO                : 10 10 11 11 12 13 21 22
TEXTPLAIN            : 19
VAR                  : 10 11
error                : 

Nonterminals, with rules where they appear

atributos            : 29 31
corpo                : 16 17 18
html                 : 0
linha_codigo         : 5 6
linha_normal         : 3 4
linha_textplain      : 9
linha_var            : 7 8
linhas               : 1 3 5 7 9
tag                  : 20 21 22 26 27 28 29

Parsing method: LALR

state 0

    (0) S' -> . html
    (1) html -> . linhas
    (2) html -> .
    (3) linhas -> . linhas NEWLINE linha_normal
    (4) linhas -> . linha_normal
    (5) linhas -> . linhas NEWLINE linha_codigo
    (6) linhas -> . linha_codigo
    (7) linhas -> . linhas NEWLINE linha_var
    (8) linhas -> . linha_var
    (9) linhas -> . linhas NEWLINE linha_textplain
    (16) linha_normal -> . IDENTACAO corpo COMA
    (17) linha_normal -> . IDENTACAO corpo
    (18) linha_normal -> . corpo
    (12) linha_codigo -> . IDENTACAO IF TEXTO
    (13) linha_codigo -> . IF TEXTO
    (14) linha_codigo -> . IDENTACAO ELSE
    (15) linha_codigo -> . ELSE
    (10) linha_var -> . IDENTACAO VAR TEXTO EQUAL TEXTO
    (11) linha_var -> . VAR TEXTO EQUAL TEXTO
    (20) corpo -> . tag
    (21) corpo -> . tag SPACE TEXTO
    (22) corpo -> . tag EQUAL SPACE TEXTO
    (23) tag -> . TAG
    (24) tag -> . CLASS
    (25) tag -> . ID
    (26) tag -> . TAG tag
    (27) tag -> . CLASS tag
    (28) tag -> . ID tag
    (29) tag -> . tag LPAREN atributos RPAREN

    $end            reduce using rule 2 (html -> .)
    IDENTACAO       shift and go to state 6
    IF              shift and go to state 8
    ELSE            shift and go to state 9
    VAR             shift and go to state 10
    TAG             shift and go to state 12
    CLASS           shift and go to state 13
    ID              shift and go to state 14

    html                           shift and go to state 1
    linhas                         shift and go to state 2
    linha_normal                   shift and go to state 3
    linha_codigo                   shift and go to state 4
    linha_var                      shift and go to state 5
    corpo                          shift and go to state 7
    tag                            shift and go to state 11

state 1

    (0) S' -> html .



state 2

    (1) html -> linhas .
    (3) linhas -> linhas . NEWLINE linha_normal
    (5) linhas -> linhas . NEWLINE linha_codigo
    (7) linhas -> linhas . NEWLINE linha_var
    (9) linhas -> linhas . NEWLINE linha_textplain

    $end            reduce using rule 1 (html -> linhas .)
    NEWLINE         shift and go to state 15


state 3

    (4) linhas -> linha_normal .

    NEWLINE         reduce using rule 4 (linhas -> linha_normal .)
    $end            reduce using rule 4 (linhas -> linha_normal .)


state 4

    (6) linhas -> linha_codigo .

    NEWLINE         reduce using rule 6 (linhas -> linha_codigo .)
    $end            reduce using rule 6 (linhas -> linha_codigo .)


state 5

    (8) linhas -> linha_var .

    NEWLINE         reduce using rule 8 (linhas -> linha_var .)
    $end            reduce using rule 8 (linhas -> linha_var .)


state 6

    (16) linha_normal -> IDENTACAO . corpo COMA
    (17) linha_normal -> IDENTACAO . corpo
    (12) linha_codigo -> IDENTACAO . IF TEXTO
    (14) linha_codigo -> IDENTACAO . ELSE
    (10) linha_var -> IDENTACAO . VAR TEXTO EQUAL TEXTO
    (20) corpo -> . tag
    (21) corpo -> . tag SPACE TEXTO
    (22) corpo -> . tag EQUAL SPACE TEXTO
    (23) tag -> . TAG
    (24) tag -> . CLASS
    (25) tag -> . ID
    (26) tag -> . TAG tag
    (27) tag -> . CLASS tag
    (28) tag -> . ID tag
    (29) tag -> . tag LPAREN atributos RPAREN

    IF              shift and go to state 17
    ELSE            shift and go to state 18
    VAR             shift and go to state 19
    TAG             shift and go to state 12
    CLASS           shift and go to state 13
    ID              shift and go to state 14

    corpo                          shift and go to state 16
    tag                            shift and go to state 11

state 7

    (18) linha_normal -> corpo .

    NEWLINE         reduce using rule 18 (linha_normal -> corpo .)
    $end            reduce using rule 18 (linha_normal -> corpo .)


state 8

    (13) linha_codigo -> IF . TEXTO

    TEXTO           shift and go to state 20


state 9

    (15) linha_codigo -> ELSE .

    NEWLINE         reduce using rule 15 (linha_codigo -> ELSE .)
    $end            reduce using rule 15 (linha_codigo -> ELSE .)


state 10

    (11) linha_var -> VAR . TEXTO EQUAL TEXTO

    TEXTO           shift and go to state 21


state 11

    (20) corpo -> tag .
    (21) corpo -> tag . SPACE TEXTO
    (22) corpo -> tag . EQUAL SPACE TEXTO
    (29) tag -> tag . LPAREN atributos RPAREN

    NEWLINE         reduce using rule 20 (corpo -> tag .)
    $end            reduce using rule 20 (corpo -> tag .)
    COMA            reduce using rule 20 (corpo -> tag .)
    SPACE           shift and go to state 22
    EQUAL           shift and go to state 23
    LPAREN          shift and go to state 24


state 12

    (23) tag -> TAG .
    (26) tag -> TAG . tag
    (23) tag -> . TAG
    (24) tag -> . CLASS
    (25) tag -> . ID
    (26) tag -> . TAG tag
    (27) tag -> . CLASS tag
    (28) tag -> . ID tag
    (29) tag -> . tag LPAREN atributos RPAREN

    SPACE           reduce using rule 23 (tag -> TAG .)
    EQUAL           reduce using rule 23 (tag -> TAG .)
    LPAREN          reduce using rule 23 (tag -> TAG .)
    NEWLINE         reduce using rule 23 (tag -> TAG .)
    $end            reduce using rule 23 (tag -> TAG .)
    COMA            reduce using rule 23 (tag -> TAG .)
    TAG             shift and go to state 12
    CLASS           shift and go to state 13
    ID              shift and go to state 14

    tag                            shift and go to state 25

state 13

    (24) tag -> CLASS .
    (27) tag -> CLASS . tag
    (23) tag -> . TAG
    (24) tag -> . CLASS
    (25) tag -> . ID
    (26) tag -> . TAG tag
    (27) tag -> . CLASS tag
    (28) tag -> . ID tag
    (29) tag -> . tag LPAREN atributos RPAREN

    SPACE           reduce using rule 24 (tag -> CLASS .)
    EQUAL           reduce using rule 24 (tag -> CLASS .)
    LPAREN          reduce using rule 24 (tag -> CLASS .)
    NEWLINE         reduce using rule 24 (tag -> CLASS .)
    $end            reduce using rule 24 (tag -> CLASS .)
    COMA            reduce using rule 24 (tag -> CLASS .)
    TAG             shift and go to state 12
    CLASS           shift and go to state 13
    ID              shift and go to state 14

    tag                            shift and go to state 26

state 14

    (25) tag -> ID .
    (28) tag -> ID . tag
    (23) tag -> . TAG
    (24) tag -> . CLASS
    (25) tag -> . ID
    (26) tag -> . TAG tag
    (27) tag -> . CLASS tag
    (28) tag -> . ID tag
    (29) tag -> . tag LPAREN atributos RPAREN

    SPACE           reduce using rule 25 (tag -> ID .)
    EQUAL           reduce using rule 25 (tag -> ID .)
    LPAREN          reduce using rule 25 (tag -> ID .)
    NEWLINE         reduce using rule 25 (tag -> ID .)
    $end            reduce using rule 25 (tag -> ID .)
    COMA            reduce using rule 25 (tag -> ID .)
    TAG             shift and go to state 12
    CLASS           shift and go to state 13
    ID              shift and go to state 14

    tag                            shift and go to state 27

state 15

    (3) linhas -> linhas NEWLINE . linha_normal
    (5) linhas -> linhas NEWLINE . linha_codigo
    (7) linhas -> linhas NEWLINE . linha_var
    (9) linhas -> linhas NEWLINE . linha_textplain
    (16) linha_normal -> . IDENTACAO corpo COMA
    (17) linha_normal -> . IDENTACAO corpo
    (18) linha_normal -> . corpo
    (12) linha_codigo -> . IDENTACAO IF TEXTO
    (13) linha_codigo -> . IF TEXTO
    (14) linha_codigo -> . IDENTACAO ELSE
    (15) linha_codigo -> . ELSE
    (10) linha_var -> . IDENTACAO VAR TEXTO EQUAL TEXTO
    (11) linha_var -> . VAR TEXTO EQUAL TEXTO
    (19) linha_textplain -> . IDENTACAO TEXTPLAIN
    (20) corpo -> . tag
    (21) corpo -> . tag SPACE TEXTO
    (22) corpo -> . tag EQUAL SPACE TEXTO
    (23) tag -> . TAG
    (24) tag -> . CLASS
    (25) tag -> . ID
    (26) tag -> . TAG tag
    (27) tag -> . CLASS tag
    (28) tag -> . ID tag
    (29) tag -> . tag LPAREN atributos RPAREN

    IDENTACAO       shift and go to state 32
    IF              shift and go to state 8
    ELSE            shift and go to state 9
    VAR             shift and go to state 10
    TAG             shift and go to state 12
    CLASS           shift and go to state 13
    ID              shift and go to state 14

    linha_normal                   shift and go to state 28
    linha_codigo                   shift and go to state 29
    linha_var                      shift and go to state 30
    linha_textplain                shift and go to state 31
    corpo                          shift and go to state 7
    tag                            shift and go to state 11

state 16

    (16) linha_normal -> IDENTACAO corpo . COMA
    (17) linha_normal -> IDENTACAO corpo .

    COMA            shift and go to state 33
    NEWLINE         reduce using rule 17 (linha_normal -> IDENTACAO corpo .)
    $end            reduce using rule 17 (linha_normal -> IDENTACAO corpo .)


state 17

    (12) linha_codigo -> IDENTACAO IF . TEXTO

    TEXTO           shift and go to state 34


state 18

    (14) linha_codigo -> IDENTACAO ELSE .

    NEWLINE         reduce using rule 14 (linha_codigo -> IDENTACAO ELSE .)
    $end            reduce using rule 14 (linha_codigo -> IDENTACAO ELSE .)


state 19

    (10) linha_var -> IDENTACAO VAR . TEXTO EQUAL TEXTO

    TEXTO           shift and go to state 35


state 20

    (13) linha_codigo -> IF TEXTO .

    NEWLINE         reduce using rule 13 (linha_codigo -> IF TEXTO .)
    $end            reduce using rule 13 (linha_codigo -> IF TEXTO .)


state 21

    (11) linha_var -> VAR TEXTO . EQUAL TEXTO

    EQUAL           shift and go to state 36


state 22

    (21) corpo -> tag SPACE . TEXTO

    TEXTO           shift and go to state 37


state 23

    (22) corpo -> tag EQUAL . SPACE TEXTO

    SPACE           shift and go to state 38


state 24

    (29) tag -> tag LPAREN . atributos RPAREN
    (30) atributos -> . ATRIBUT
    (31) atributos -> . ATRIBUT atributos

    ATRIBUT         shift and go to state 40

    atributos                      shift and go to state 39

state 25

    (26) tag -> TAG tag .
    (29) tag -> tag . LPAREN atributos RPAREN

  ! shift/reduce conflict for LPAREN resolved as shift
    SPACE           reduce using rule 26 (tag -> TAG tag .)
    EQUAL           reduce using rule 26 (tag -> TAG tag .)
    NEWLINE         reduce using rule 26 (tag -> TAG tag .)
    $end            reduce using rule 26 (tag -> TAG tag .)
    COMA            reduce using rule 26 (tag -> TAG tag .)
    LPAREN          shift and go to state 24

  ! LPAREN          [ reduce using rule 26 (tag -> TAG tag .) ]


state 26

    (27) tag -> CLASS tag .
    (29) tag -> tag . LPAREN atributos RPAREN

  ! shift/reduce conflict for LPAREN resolved as shift
    SPACE           reduce using rule 27 (tag -> CLASS tag .)
    EQUAL           reduce using rule 27 (tag -> CLASS tag .)
    NEWLINE         reduce using rule 27 (tag -> CLASS tag .)
    $end            reduce using rule 27 (tag -> CLASS tag .)
    COMA            reduce using rule 27 (tag -> CLASS tag .)
    LPAREN          shift and go to state 24

  ! LPAREN          [ reduce using rule 27 (tag -> CLASS tag .) ]


state 27

    (28) tag -> ID tag .
    (29) tag -> tag . LPAREN atributos RPAREN

  ! shift/reduce conflict for LPAREN resolved as shift
    SPACE           reduce using rule 28 (tag -> ID tag .)
    EQUAL           reduce using rule 28 (tag -> ID tag .)
    NEWLINE         reduce using rule 28 (tag -> ID tag .)
    $end            reduce using rule 28 (tag -> ID tag .)
    COMA            reduce using rule 28 (tag -> ID tag .)
    LPAREN          shift and go to state 24

  ! LPAREN          [ reduce using rule 28 (tag -> ID tag .) ]


state 28

    (3) linhas -> linhas NEWLINE linha_normal .

    NEWLINE         reduce using rule 3 (linhas -> linhas NEWLINE linha_normal .)
    $end            reduce using rule 3 (linhas -> linhas NEWLINE linha_normal .)


state 29

    (5) linhas -> linhas NEWLINE linha_codigo .

    NEWLINE         reduce using rule 5 (linhas -> linhas NEWLINE linha_codigo .)
    $end            reduce using rule 5 (linhas -> linhas NEWLINE linha_codigo .)


state 30

    (7) linhas -> linhas NEWLINE linha_var .

    NEWLINE         reduce using rule 7 (linhas -> linhas NEWLINE linha_var .)
    $end            reduce using rule 7 (linhas -> linhas NEWLINE linha_var .)


state 31

    (9) linhas -> linhas NEWLINE linha_textplain .

    NEWLINE         reduce using rule 9 (linhas -> linhas NEWLINE linha_textplain .)
    $end            reduce using rule 9 (linhas -> linhas NEWLINE linha_textplain .)


state 32

    (16) linha_normal -> IDENTACAO . corpo COMA
    (17) linha_normal -> IDENTACAO . corpo
    (12) linha_codigo -> IDENTACAO . IF TEXTO
    (14) linha_codigo -> IDENTACAO . ELSE
    (10) linha_var -> IDENTACAO . VAR TEXTO EQUAL TEXTO
    (19) linha_textplain -> IDENTACAO . TEXTPLAIN
    (20) corpo -> . tag
    (21) corpo -> . tag SPACE TEXTO
    (22) corpo -> . tag EQUAL SPACE TEXTO
    (23) tag -> . TAG
    (24) tag -> . CLASS
    (25) tag -> . ID
    (26) tag -> . TAG tag
    (27) tag -> . CLASS tag
    (28) tag -> . ID tag
    (29) tag -> . tag LPAREN atributos RPAREN

    IF              shift and go to state 17
    ELSE            shift and go to state 18
    VAR             shift and go to state 19
    TEXTPLAIN       shift and go to state 41
    TAG             shift and go to state 12
    CLASS           shift and go to state 13
    ID              shift and go to state 14

    corpo                          shift and go to state 16
    tag                            shift and go to state 11

state 33

    (16) linha_normal -> IDENTACAO corpo COMA .

    NEWLINE         reduce using rule 16 (linha_normal -> IDENTACAO corpo COMA .)
    $end            reduce using rule 16 (linha_normal -> IDENTACAO corpo COMA .)


state 34

    (12) linha_codigo -> IDENTACAO IF TEXTO .

    NEWLINE         reduce using rule 12 (linha_codigo -> IDENTACAO IF TEXTO .)
    $end            reduce using rule 12 (linha_codigo -> IDENTACAO IF TEXTO .)


state 35

    (10) linha_var -> IDENTACAO VAR TEXTO . EQUAL TEXTO

    EQUAL           shift and go to state 42


state 36

    (11) linha_var -> VAR TEXTO EQUAL . TEXTO

    TEXTO           shift and go to state 43


state 37

    (21) corpo -> tag SPACE TEXTO .

    NEWLINE         reduce using rule 21 (corpo -> tag SPACE TEXTO .)
    $end            reduce using rule 21 (corpo -> tag SPACE TEXTO .)
    COMA            reduce using rule 21 (corpo -> tag SPACE TEXTO .)


state 38

    (22) corpo -> tag EQUAL SPACE . TEXTO

    TEXTO           shift and go to state 44


state 39

    (29) tag -> tag LPAREN atributos . RPAREN

    RPAREN          shift and go to state 45


state 40

    (30) atributos -> ATRIBUT .
    (31) atributos -> ATRIBUT . atributos
    (30) atributos -> . ATRIBUT
    (31) atributos -> . ATRIBUT atributos

    RPAREN          reduce using rule 30 (atributos -> ATRIBUT .)
    ATRIBUT         shift and go to state 40

    atributos                      shift and go to state 46

state 41

    (19) linha_textplain -> IDENTACAO TEXTPLAIN .

    NEWLINE         reduce using rule 19 (linha_textplain -> IDENTACAO TEXTPLAIN .)
    $end            reduce using rule 19 (linha_textplain -> IDENTACAO TEXTPLAIN .)


state 42

    (10) linha_var -> IDENTACAO VAR TEXTO EQUAL . TEXTO

    TEXTO           shift and go to state 47


state 43

    (11) linha_var -> VAR TEXTO EQUAL TEXTO .

    NEWLINE         reduce using rule 11 (linha_var -> VAR TEXTO EQUAL TEXTO .)
    $end            reduce using rule 11 (linha_var -> VAR TEXTO EQUAL TEXTO .)


state 44

    (22) corpo -> tag EQUAL SPACE TEXTO .

    NEWLINE         reduce using rule 22 (corpo -> tag EQUAL SPACE TEXTO .)
    $end            reduce using rule 22 (corpo -> tag EQUAL SPACE TEXTO .)
    COMA            reduce using rule 22 (corpo -> tag EQUAL SPACE TEXTO .)


state 45

    (29) tag -> tag LPAREN atributos RPAREN .

    SPACE           reduce using rule 29 (tag -> tag LPAREN atributos RPAREN .)
    EQUAL           reduce using rule 29 (tag -> tag LPAREN atributos RPAREN .)
    LPAREN          reduce using rule 29 (tag -> tag LPAREN atributos RPAREN .)
    NEWLINE         reduce using rule 29 (tag -> tag LPAREN atributos RPAREN .)
    $end            reduce using rule 29 (tag -> tag LPAREN atributos RPAREN .)
    COMA            reduce using rule 29 (tag -> tag LPAREN atributos RPAREN .)


state 46

    (31) atributos -> ATRIBUT atributos .

    RPAREN          reduce using rule 31 (atributos -> ATRIBUT atributos .)


state 47

    (10) linha_var -> IDENTACAO VAR TEXTO EQUAL TEXTO .

    NEWLINE         reduce using rule 10 (linha_var -> IDENTACAO VAR TEXTO EQUAL TEXTO .)
    $end            reduce using rule 10 (linha_var -> IDENTACAO VAR TEXTO EQUAL TEXTO .)

WARNING: 
WARNING: Conflicts:
WARNING: 
WARNING: shift/reduce conflict for LPAREN in state 25 resolved as shift
WARNING: shift/reduce conflict for LPAREN in state 26 resolved as shift
WARNING: shift/reduce conflict for LPAREN in state 27 resolved as shift
